\BOOKMARK [0][-]{section*.1}{\376\377\000A\000b\000s\000t\000r\000a\000c\000t}{}% 1
\BOOKMARK [0][-]{chapter.5}{\376\377\000P\000r\000o\000j\000e\000c\000t\000\040\000D\000e\000f\000i\000n\000i\000t\000i\000o\000n}{}% 2
\BOOKMARK [1][-]{section.6}{\376\377\000I\000n\000t\000r\000o\000d\000u\000c\000t\000i\000o\000n}{chapter.5}% 3
\BOOKMARK [2][-]{subsection.7}{\376\377\000M\000u\000s\000i\000c\000a\000l\000\040\000t\000e\000r\000m\000i\000n\000o\000l\000o\000g\000y}{section.6}% 4
\BOOKMARK [2][-]{subsection.8}{\376\377\000S\000u\000b\000s\000e\000c\000t\000i\000o\000n\000\040\0002}{section.6}% 5
\BOOKMARK [1][-]{section.9}{\376\377\000P\000r\000o\000j\000e\000c\000t\000\040\000m\000a\000n\000a\000g\000e\000m\000e\000n\000t}{chapter.5}% 6
\BOOKMARK [1][-]{section.10}{\376\377\000T\000e\000c\000h\000\040\000s\000t\000r\000a\000t}{chapter.5}% 7
\BOOKMARK [1][-]{section.11}{\376\377\000R\000i\000s\000k}{chapter.5}% 8
\BOOKMARK [1][-]{section.12}{\376\377\000F\000i\000n\000a\000n\000c\000e}{chapter.5}% 9
\BOOKMARK [1][-]{section.13}{\376\377\000E\000t\000h\000i\000c\000s}{chapter.5}% 10
\BOOKMARK [2][-]{subsection.14}{\376\377\000D\000a\000t\000a\000\040\000e\000t\000h\000i\000c\000s}{section.13}% 11
\BOOKMARK [3][-]{section*.15}{\376\377\000T\000r\000a\000n\000s\000p\000a\000r\000e\000n\000c\000y}{subsection.14}% 12
\BOOKMARK [3][-]{section*.19}{\376\377\000A\000c\000c\000o\000u\000n\000t\000a\000b\000i\000l\000i\000t\000y}{subsection.14}% 13
\BOOKMARK [3][-]{section*.20}{\376\377\000F\000a\000i\000r\000n\000e\000s\000s}{subsection.14}% 14
\BOOKMARK [2][-]{subsection.21}{\376\377\000O\000n\000l\000i\000n\000e\000\040\000h\000a\000t\000e\000\040\000c\000r\000i\000m\000e}{section.13}% 15
\BOOKMARK [1][-]{section.22}{\376\377\000R\000e\000s\000p\000o\000n\000s\000i\000b\000l\000e\000\040\000I\000n\000n\000o\000v\000a\000t\000i\000o\000n}{chapter.5}% 16
\BOOKMARK [1][-]{section.23}{\376\377\000S\000u\000s\000t\000a\000i\000n\000a\000b\000i\000l\000i\000t\000y}{chapter.5}% 17
\BOOKMARK [1][-]{section.24}{\376\377\000L\000e\000g\000a\000l\000i\000t\000y}{chapter.5}% 18
\BOOKMARK [0][-]{chapter.25}{\376\377\000P\000r\000o\000d\000u\000c\000t\000\040\000D\000e\000s\000i\000g\000n}{}% 19
\BOOKMARK [1][-]{section.26}{\376\377\000M\000a\000i\000n\000\040\000S\000e\000c\000t\000i\000o\000n\000\040\0001}{chapter.25}% 20
\BOOKMARK [2][-]{subsection.27}{\376\377\000S\000u\000b\000s\000e\000c\000t\000i\000o\000n\000\040\0001}{section.26}% 21
\BOOKMARK [2][-]{subsection.28}{\376\377\000S\000u\000b\000s\000e\000c\000t\000i\000o\000n\000\040\0002}{section.26}% 22
\BOOKMARK [1][-]{section.29}{\376\377\000M\000a\000i\000n\000\040\000S\000e\000c\000t\000i\000o\000n\000\040\0002}{chapter.25}% 23
\BOOKMARK [0][-]{chapter.30}{\376\377\000D\000a\000t\000a}{}% 24
\BOOKMARK [1][-]{section.31}{\376\377\000M\000a\000i\000n\000\040\000S\000e\000c\000t\000i\000o\000n\000\040\0001}{chapter.30}% 25
\BOOKMARK [2][-]{subsection.32}{\376\377\000S\000u\000b\000s\000e\000c\000t\000i\000o\000n\000\040\0001}{section.31}% 26
\BOOKMARK [2][-]{subsection.33}{\376\377\000S\000u\000b\000s\000e\000c\000t\000i\000o\000n\000\040\0002}{section.31}% 27
\BOOKMARK [1][-]{section.34}{\376\377\000M\000a\000i\000n\000\040\000S\000e\000c\000t\000i\000o\000n\000\040\0002}{chapter.30}% 28
\BOOKMARK [0][-]{chapter.35}{\376\377\000M\000o\000d\000e\000l}{}% 29
\BOOKMARK [1][-]{section.36}{\376\377\000M\000a\000i\000n\000\040\000S\000e\000c\000t\000i\000o\000n\000\040\0001}{chapter.35}% 30
\BOOKMARK [2][-]{subsection.37}{\376\377\000S\000u\000b\000s\000e\000c\000t\000i\000o\000n\000\040\0001}{section.36}% 31
\BOOKMARK [2][-]{subsection.38}{\376\377\000S\000u\000b\000s\000e\000c\000t\000i\000o\000n\000\040\0002}{section.36}% 32
\BOOKMARK [1][-]{section.39}{\376\377\000M\000a\000i\000n\000\040\000S\000e\000c\000t\000i\000o\000n\000\040\0002}{chapter.35}% 33
\BOOKMARK [0][-]{chapter.40}{\376\377\000A\000u\000d\000i\000o\000\040\000P\000r\000o\000c\000e\000s\000s\000i\000n\000g}{}% 34
\BOOKMARK [1][-]{section.41}{\376\377\000N\000o\000i\000s\000e\000\040\000F\000i\000l\000t\000e\000r}{chapter.40}% 35
\BOOKMARK [2][-]{subsection.42}{\376\377\000P\000o\000s\000s\000i\000b\000l\000e\000\040\000M\000o\000d\000e\000l\000s}{section.41}% 36
\BOOKMARK [2][-]{subsection.43}{\376\377\000A\000s\000s\000u\000m\000p\000t\000i\000o\000n\000s}{section.41}% 37
\BOOKMARK [2][-]{subsection.44}{\376\377\000I\000m\000p\000l\000e\000m\000e\000n\000t\000a\000t\000i\000o\000n}{section.41}% 38
\BOOKMARK [1][-]{section.45}{\376\377\000P\000i\000t\000c\000h\000\040\000D\000e\000t\000e\000c\000t\000i\000o\000n\000\040\000A\000l\000g\000o\000r\000i\000t\000h\000m}{chapter.40}% 39
\BOOKMARK [2][-]{subsection.46}{\376\377\000P\000o\000s\000s\000i\000b\000l\000e\000\040\000M\000o\000d\000e\000l\000s}{section.45}% 40
\BOOKMARK [2][-]{subsection.47}{\376\377\000A\000s\000s\000u\000m\000p\000t\000i\000o\000n\000s}{section.45}% 41
\BOOKMARK [2][-]{subsection.48}{\376\377\000I\000m\000p\000l\000e\000m\000e\000n\000t\000a\000t\000i\000o\000n}{section.45}% 42
\BOOKMARK [0][-]{chapter.49}{\376\377\000C\000h\000a\000p\000t\000e\000r\000\040\000T\000i\000t\000l\000e\000\040\000H\000e\000r\000e}{}% 43
\BOOKMARK [1][-]{section.50}{\376\377\000W\000e\000l\000c\000o\000m\000e\000\040\000a\000n\000d\000\040\000T\000h\000a\000n\000k\000\040\000Y\000o\000u}{chapter.49}% 44
\BOOKMARK [1][-]{section.51}{\376\377\000L\000e\000a\000r\000n\000i\000n\000g\000\040\000L\000a\000T\000e\000X}{chapter.49}% 45
\BOOKMARK [2][-]{subsection.52}{\376\377\000A\000\040\000\050\000n\000o\000t\000\040\000s\000o\000\040\000s\000h\000o\000r\000t\000\051\000\040\000I\000n\000t\000r\000o\000d\000u\000c\000t\000i\000o\000n\000\040\000t\000o\000\040\000L\000a\000T\000e\000X}{section.51}% 46
\BOOKMARK [2][-]{subsection.53}{\376\377\000A\000\040\000S\000h\000o\000r\000t\000\040\000M\000a\000t\000h\000\040\000G\000u\000i\000d\000e\000\040\000f\000o\000r\000\040\000L\000a\000T\000e\000X}{section.51}% 47
\BOOKMARK [2][-]{subsection.54}{\376\377\000C\000o\000m\000m\000o\000n\000\040\000L\000a\000T\000e\000X\000\040\000M\000a\000t\000h\000\040\000S\000y\000m\000b\000o\000l\000s}{section.51}% 48
\BOOKMARK [2][-]{subsection.55}{\376\377\000L\000a\000T\000e\000X\000\040\000o\000n\000\040\000a\000\040\000M\000a\000c}{section.51}% 49
\BOOKMARK [1][-]{section.56}{\376\377\000G\000e\000t\000t\000i\000n\000g\000\040\000S\000t\000a\000r\000t\000e\000d\000\040\000w\000i\000t\000h\000\040\000t\000h\000i\000s\000\040\000T\000e\000m\000p\000l\000a\000t\000e}{chapter.49}% 50
\BOOKMARK [2][-]{subsection.57}{\376\377\000A\000b\000o\000u\000t\000\040\000t\000h\000i\000s\000\040\000T\000e\000m\000p\000l\000a\000t\000e}{section.56}% 51
\BOOKMARK [1][-]{section.58}{\376\377\000W\000h\000a\000t\000\040\000t\000h\000i\000s\000\040\000T\000e\000m\000p\000l\000a\000t\000e\000\040\000I\000n\000c\000l\000u\000d\000e\000s}{chapter.49}% 52
\BOOKMARK [2][-]{subsection.59}{\376\377\000F\000o\000l\000d\000e\000r\000s}{section.58}% 53
\BOOKMARK [2][-]{subsection.60}{\376\377\000F\000i\000l\000e\000s}{section.58}% 54
\BOOKMARK [1][-]{section.61}{\376\377\000F\000i\000l\000l\000i\000n\000g\000\040\000i\000n\000\040\000Y\000o\000u\000r\000\040\000I\000n\000f\000o\000r\000m\000a\000t\000i\000o\000n\000\040\000i\000n\000\040\000t\000h\000e\000\040\000m\000a\000i\000n\000.\000t\000e\000x\000\040\000F\000i\000l\000e}{chapter.49}% 55
\BOOKMARK [1][-]{section.62}{\376\377\000T\000h\000e\000\040\000m\000a\000i\000n\000.\000t\000e\000x\000\040\000F\000i\000l\000e\000\040\000E\000x\000p\000l\000a\000i\000n\000e\000d}{chapter.49}% 56
\BOOKMARK [1][-]{section.63}{\376\377\000T\000h\000e\000s\000i\000s\000\040\000F\000e\000a\000t\000u\000r\000e\000s\000\040\000a\000n\000d\000\040\000C\000o\000n\000v\000e\000n\000t\000i\000o\000n\000s}{chapter.49}% 57
\BOOKMARK [2][-]{subsection.64}{\376\377\000P\000r\000i\000n\000t\000i\000n\000g\000\040\000F\000o\000r\000m\000a\000t}{section.63}% 58
\BOOKMARK [2][-]{subsection.65}{\376\377\000U\000s\000i\000n\000g\000\040\000U\000S\000\040\000L\000e\000t\000t\000e\000r\000\040\000P\000a\000p\000e\000r}{section.63}% 59
\BOOKMARK [2][-]{subsection.66}{\376\377\000R\000e\000f\000e\000r\000e\000n\000c\000e\000s}{section.63}% 60
\BOOKMARK [3][-]{section*.68}{\376\377\000A\000\040\000N\000o\000t\000e\000\040\000o\000n\000\040\000b\000i\000b\000t\000e\000x}{subsection.66}% 61
\BOOKMARK [2][-]{subsection.69}{\376\377\000T\000a\000b\000l\000e\000s}{section.63}% 62
\BOOKMARK [2][-]{subsection.71}{\376\377\000F\000i\000g\000u\000r\000e\000s}{section.63}% 63
\BOOKMARK [2][-]{subsection.73}{\376\377\000T\000y\000p\000e\000s\000e\000t\000t\000i\000n\000g\000\040\000m\000a\000t\000h\000e\000m\000a\000t\000i\000c\000s}{section.63}% 64
\BOOKMARK [1][-]{section.75}{\376\377\000S\000e\000c\000t\000i\000o\000n\000i\000n\000g\000\040\000a\000n\000d\000\040\000S\000u\000b\000s\000e\000c\000t\000i\000o\000n\000i\000n\000g}{chapter.49}% 65
\BOOKMARK [1][-]{section.76}{\376\377\000I\000n\000\040\000C\000l\000o\000s\000i\000n\000g}{chapter.49}% 66
\BOOKMARK [0][-]{appendix.77}{\376\377\000F\000r\000e\000q\000u\000e\000n\000t\000l\000y\000\040\000A\000s\000k\000e\000d\000\040\000Q\000u\000e\000s\000t\000i\000o\000n\000s}{}% 67
\BOOKMARK [1][-]{section.78}{\376\377\000H\000o\000w\000\040\000d\000o\000\040\000I\000\040\000c\000h\000a\000n\000g\000e\000\040\000t\000h\000e\000\040\000c\000o\000l\000o\000r\000s\000\040\000o\000f\000\040\000l\000i\000n\000k\000s\000?}{appendix.77}% 68
