\BOOKMARK [0][-]{section*.1}{\376\377\000A\000b\000s\000t\000r\000a\000c\000t}{}% 1
\BOOKMARK [0][-]{chapter.5}{\376\377\000P\000r\000o\000j\000e\000c\000t\000\040\000D\000e\000f\000i\000n\000i\000t\000i\000o\000n}{}% 2
\BOOKMARK [1][-]{section.6}{\376\377\000I\000n\000t\000r\000o\000d\000u\000c\000t\000i\000o\000n}{chapter.5}% 3
\BOOKMARK [2][-]{subsection.7}{\376\377\000S\000u\000b\000s\000e\000c\000t\000i\000o\000n\000\040\0001}{section.6}% 4
\BOOKMARK [2][-]{subsection.8}{\376\377\000S\000u\000b\000s\000e\000c\000t\000i\000o\000n\000\040\0002}{section.6}% 5
\BOOKMARK [1][-]{section.9}{\376\377\000M\000a\000i\000n\000\040\000S\000e\000c\000t\000i\000o\000n\000\040\0002}{chapter.5}% 6
\BOOKMARK [0][-]{chapter.10}{\376\377\000P\000r\000o\000d\000u\000c\000t\000\040\000D\000e\000s\000i\000g\000n}{}% 7
\BOOKMARK [1][-]{section.11}{\376\377\000M\000a\000i\000n\000\040\000S\000e\000c\000t\000i\000o\000n\000\040\0001}{chapter.10}% 8
\BOOKMARK [2][-]{subsection.12}{\376\377\000S\000u\000b\000s\000e\000c\000t\000i\000o\000n\000\040\0001}{section.11}% 9
\BOOKMARK [2][-]{subsection.13}{\376\377\000S\000u\000b\000s\000e\000c\000t\000i\000o\000n\000\040\0002}{section.11}% 10
\BOOKMARK [1][-]{section.14}{\376\377\000M\000a\000i\000n\000\040\000S\000e\000c\000t\000i\000o\000n\000\040\0002}{chapter.10}% 11
\BOOKMARK [0][-]{chapter.15}{\376\377\000D\000a\000t\000a}{}% 12
\BOOKMARK [1][-]{section.16}{\376\377\000M\000a\000i\000n\000\040\000S\000e\000c\000t\000i\000o\000n\000\040\0001}{chapter.15}% 13
\BOOKMARK [2][-]{subsection.17}{\376\377\000S\000u\000b\000s\000e\000c\000t\000i\000o\000n\000\040\0001}{section.16}% 14
\BOOKMARK [2][-]{subsection.18}{\376\377\000S\000u\000b\000s\000e\000c\000t\000i\000o\000n\000\040\0002}{section.16}% 15
\BOOKMARK [1][-]{section.19}{\376\377\000M\000a\000i\000n\000\040\000S\000e\000c\000t\000i\000o\000n\000\040\0002}{chapter.15}% 16
\BOOKMARK [0][-]{chapter.20}{\376\377\000M\000o\000d\000e\000l}{}% 17
\BOOKMARK [1][-]{section.21}{\376\377\000M\000a\000i\000n\000\040\000S\000e\000c\000t\000i\000o\000n\000\040\0001}{chapter.20}% 18
\BOOKMARK [2][-]{subsection.22}{\376\377\000S\000u\000b\000s\000e\000c\000t\000i\000o\000n\000\040\0001}{section.21}% 19
\BOOKMARK [2][-]{subsection.23}{\376\377\000S\000u\000b\000s\000e\000c\000t\000i\000o\000n\000\040\0002}{section.21}% 20
\BOOKMARK [1][-]{section.24}{\376\377\000M\000a\000i\000n\000\040\000S\000e\000c\000t\000i\000o\000n\000\040\0002}{chapter.20}% 21
\BOOKMARK [0][-]{chapter.25}{\376\377\000V\000o\000i\000c\000e\000\040\000P\000r\000o\000c\000e\000s\000s\000i\000n\000g}{}% 22
\BOOKMARK [1][-]{section.26}{\376\377\000M\000a\000i\000n\000\040\000S\000e\000c\000t\000i\000o\000n\000\040\0001}{chapter.25}% 23
\BOOKMARK [2][-]{subsection.27}{\376\377\000S\000u\000b\000s\000e\000c\000t\000i\000o\000n\000\040\0001}{section.26}% 24
\BOOKMARK [2][-]{subsection.28}{\376\377\000S\000u\000b\000s\000e\000c\000t\000i\000o\000n\000\040\0002}{section.26}% 25
\BOOKMARK [1][-]{section.29}{\376\377\000M\000a\000i\000n\000\040\000S\000e\000c\000t\000i\000o\000n\000\040\0002}{chapter.25}% 26
\BOOKMARK [0][-]{chapter.30}{\376\377\000C\000h\000a\000p\000t\000e\000r\000\040\000T\000i\000t\000l\000e\000\040\000H\000e\000r\000e}{}% 27
\BOOKMARK [1][-]{section.31}{\376\377\000W\000e\000l\000c\000o\000m\000e\000\040\000a\000n\000d\000\040\000T\000h\000a\000n\000k\000\040\000Y\000o\000u}{chapter.30}% 28
\BOOKMARK [1][-]{section.32}{\376\377\000L\000e\000a\000r\000n\000i\000n\000g\000\040\000L\000a\000T\000e\000X}{chapter.30}% 29
\BOOKMARK [2][-]{subsection.33}{\376\377\000A\000\040\000\050\000n\000o\000t\000\040\000s\000o\000\040\000s\000h\000o\000r\000t\000\051\000\040\000I\000n\000t\000r\000o\000d\000u\000c\000t\000i\000o\000n\000\040\000t\000o\000\040\000L\000a\000T\000e\000X}{section.32}% 30
\BOOKMARK [2][-]{subsection.34}{\376\377\000A\000\040\000S\000h\000o\000r\000t\000\040\000M\000a\000t\000h\000\040\000G\000u\000i\000d\000e\000\040\000f\000o\000r\000\040\000L\000a\000T\000e\000X}{section.32}% 31
\BOOKMARK [2][-]{subsection.35}{\376\377\000C\000o\000m\000m\000o\000n\000\040\000L\000a\000T\000e\000X\000\040\000M\000a\000t\000h\000\040\000S\000y\000m\000b\000o\000l\000s}{section.32}% 32
\BOOKMARK [2][-]{subsection.36}{\376\377\000L\000a\000T\000e\000X\000\040\000o\000n\000\040\000a\000\040\000M\000a\000c}{section.32}% 33
\BOOKMARK [1][-]{section.37}{\376\377\000G\000e\000t\000t\000i\000n\000g\000\040\000S\000t\000a\000r\000t\000e\000d\000\040\000w\000i\000t\000h\000\040\000t\000h\000i\000s\000\040\000T\000e\000m\000p\000l\000a\000t\000e}{chapter.30}% 34
\BOOKMARK [2][-]{subsection.38}{\376\377\000A\000b\000o\000u\000t\000\040\000t\000h\000i\000s\000\040\000T\000e\000m\000p\000l\000a\000t\000e}{section.37}% 35
\BOOKMARK [1][-]{section.39}{\376\377\000W\000h\000a\000t\000\040\000t\000h\000i\000s\000\040\000T\000e\000m\000p\000l\000a\000t\000e\000\040\000I\000n\000c\000l\000u\000d\000e\000s}{chapter.30}% 36
\BOOKMARK [2][-]{subsection.40}{\376\377\000F\000o\000l\000d\000e\000r\000s}{section.39}% 37
\BOOKMARK [2][-]{subsection.41}{\376\377\000F\000i\000l\000e\000s}{section.39}% 38
\BOOKMARK [1][-]{section.42}{\376\377\000F\000i\000l\000l\000i\000n\000g\000\040\000i\000n\000\040\000Y\000o\000u\000r\000\040\000I\000n\000f\000o\000r\000m\000a\000t\000i\000o\000n\000\040\000i\000n\000\040\000t\000h\000e\000\040\000m\000a\000i\000n\000.\000t\000e\000x\000\040\000F\000i\000l\000e}{chapter.30}% 39
\BOOKMARK [1][-]{section.43}{\376\377\000T\000h\000e\000\040\000m\000a\000i\000n\000.\000t\000e\000x\000\040\000F\000i\000l\000e\000\040\000E\000x\000p\000l\000a\000i\000n\000e\000d}{chapter.30}% 40
\BOOKMARK [1][-]{section.44}{\376\377\000T\000h\000e\000s\000i\000s\000\040\000F\000e\000a\000t\000u\000r\000e\000s\000\040\000a\000n\000d\000\040\000C\000o\000n\000v\000e\000n\000t\000i\000o\000n\000s}{chapter.30}% 41
\BOOKMARK [2][-]{subsection.45}{\376\377\000P\000r\000i\000n\000t\000i\000n\000g\000\040\000F\000o\000r\000m\000a\000t}{section.44}% 42
\BOOKMARK [2][-]{subsection.46}{\376\377\000U\000s\000i\000n\000g\000\040\000U\000S\000\040\000L\000e\000t\000t\000e\000r\000\040\000P\000a\000p\000e\000r}{section.44}% 43
\BOOKMARK [2][-]{subsection.47}{\376\377\000R\000e\000f\000e\000r\000e\000n\000c\000e\000s}{section.44}% 44
\BOOKMARK [3][-]{section*.49}{\376\377\000A\000\040\000N\000o\000t\000e\000\040\000o\000n\000\040\000b\000i\000b\000t\000e\000x}{subsection.47}% 45
\BOOKMARK [2][-]{subsection.50}{\376\377\000T\000a\000b\000l\000e\000s}{section.44}% 46
\BOOKMARK [2][-]{subsection.52}{\376\377\000F\000i\000g\000u\000r\000e\000s}{section.44}% 47
\BOOKMARK [2][-]{subsection.54}{\376\377\000T\000y\000p\000e\000s\000e\000t\000t\000i\000n\000g\000\040\000m\000a\000t\000h\000e\000m\000a\000t\000i\000c\000s}{section.44}% 48
\BOOKMARK [1][-]{section.56}{\376\377\000S\000e\000c\000t\000i\000o\000n\000i\000n\000g\000\040\000a\000n\000d\000\040\000S\000u\000b\000s\000e\000c\000t\000i\000o\000n\000i\000n\000g}{chapter.30}% 49
\BOOKMARK [1][-]{section.57}{\376\377\000I\000n\000\040\000C\000l\000o\000s\000i\000n\000g}{chapter.30}% 50
\BOOKMARK [0][-]{appendix.58}{\376\377\000F\000r\000e\000q\000u\000e\000n\000t\000l\000y\000\040\000A\000s\000k\000e\000d\000\040\000Q\000u\000e\000s\000t\000i\000o\000n\000s}{}% 51
\BOOKMARK [1][-]{section.59}{\376\377\000H\000o\000w\000\040\000d\000o\000\040\000I\000\040\000c\000h\000a\000n\000g\000e\000\040\000t\000h\000e\000\040\000c\000o\000l\000o\000r\000s\000\040\000o\000f\000\040\000l\000i\000n\000k\000s\000?}{appendix.58}% 52
\BOOKMARK [0][-]{appendix*.60}{\376\377\000B\000i\000b\000l\000i\000o\000g\000r\000a\000p\000h\000y}{}% 53
