\BOOKMARK [0][-]{section*.1}{\376\377\000A\000b\000s\000t\000r\000a\000c\000t}{}% 1
\BOOKMARK [0][-]{chapter.5}{\376\377\000P\000r\000o\000j\000e\000c\000t\000\040\000D\000e\000f\000i\000n\000i\000t\000i\000o\000n}{}% 2
\BOOKMARK [1][-]{section.6}{\376\377\000I\000n\000t\000r\000o\000d\000u\000c\000t\000i\000o\000n}{chapter.5}% 3
\BOOKMARK [2][-]{subsection.7}{\376\377\000M\000u\000s\000i\000c\000a\000l\000\040\000t\000e\000r\000m\000i\000n\000o\000l\000o\000g\000y}{section.6}% 4
\BOOKMARK [2][-]{subsection.8}{\376\377\000S\000u\000b\000s\000e\000c\000t\000i\000o\000n\000\040\0002}{section.6}% 5
\BOOKMARK [1][-]{section.9}{\376\377\000M\000a\000i\000n\000\040\000S\000e\000c\000t\000i\000o\000n\000\040\0002}{chapter.5}% 6
\BOOKMARK [0][-]{chapter.10}{\376\377\000P\000r\000o\000d\000u\000c\000t\000\040\000D\000e\000s\000i\000g\000n}{}% 7
\BOOKMARK [1][-]{section.11}{\376\377\000M\000a\000i\000n\000\040\000S\000e\000c\000t\000i\000o\000n\000\040\0001}{chapter.10}% 8
\BOOKMARK [2][-]{subsection.12}{\376\377\000S\000u\000b\000s\000e\000c\000t\000i\000o\000n\000\040\0001}{section.11}% 9
\BOOKMARK [2][-]{subsection.13}{\376\377\000S\000u\000b\000s\000e\000c\000t\000i\000o\000n\000\040\0002}{section.11}% 10
\BOOKMARK [1][-]{section.14}{\376\377\000M\000a\000i\000n\000\040\000S\000e\000c\000t\000i\000o\000n\000\040\0002}{chapter.10}% 11
\BOOKMARK [0][-]{chapter.15}{\376\377\000D\000a\000t\000a}{}% 12
\BOOKMARK [1][-]{section.16}{\376\377\000M\000a\000i\000n\000\040\000S\000e\000c\000t\000i\000o\000n\000\040\0001}{chapter.15}% 13
\BOOKMARK [2][-]{subsection.17}{\376\377\000S\000u\000b\000s\000e\000c\000t\000i\000o\000n\000\040\0001}{section.16}% 14
\BOOKMARK [2][-]{subsection.18}{\376\377\000S\000u\000b\000s\000e\000c\000t\000i\000o\000n\000\040\0002}{section.16}% 15
\BOOKMARK [1][-]{section.19}{\376\377\000M\000a\000i\000n\000\040\000S\000e\000c\000t\000i\000o\000n\000\040\0002}{chapter.15}% 16
\BOOKMARK [0][-]{chapter.20}{\376\377\000M\000o\000d\000e\000l}{}% 17
\BOOKMARK [1][-]{section.21}{\376\377\000I\000n\000t\000r\000o\000d\000u\000c\000t\000i\000o\000n}{chapter.20}% 18
\BOOKMARK [1][-]{section.22}{\376\377\000R\000e\000l\000a\000t\000e\000d\000\040\000W\000o\000r\000k}{chapter.20}% 19
\BOOKMARK [1][-]{section.23}{\376\377\000M\000o\000d\000e\000l\000\040\000R\000e\000q\000u\000i\000r\000e\000m\000e\000n\000t\000s}{chapter.20}% 20
\BOOKMARK [2][-]{subsection.24}{\376\377\000M\000V\000P\000\040\000R\000e\000q\000u\000r\000e\000m\000e\000n\000t\000s}{section.23}% 21
\BOOKMARK [2][-]{subsection.25}{\376\377\000O\000t\000h\000e\000r\000\040\000p\000o\000s\000s\000i\000b\000l\000e\000\040\000R\000e\000q\000u\000r\000e\000m\000e\000n\000t\000s}{section.23}% 22
\BOOKMARK [1][-]{section.26}{\376\377\000M\000o\000d\000e\000l\000s}{chapter.20}% 23
\BOOKMARK [2][-]{subsection.27}{\376\377\000G\000A\000N\000s}{section.26}% 24
\BOOKMARK [2][-]{subsection.29}{\376\377\000R\000N\000N\000s}{section.26}% 25
\BOOKMARK [2][-]{subsection.30}{\376\377\000L\000S\000T\000M\000s}{section.26}% 26
\BOOKMARK [2][-]{subsection.37}{\376\377\000T\000r\000a\000n\000s\000f\000o\000r\000m\000e\000r\000s}{section.26}% 27
\BOOKMARK [2][-]{subsection.38}{\376\377\000O\000u\000r\000\040\000M\000o\000d\000e\000l}{section.26}% 28
\BOOKMARK [2][-]{subsection.39}{\376\377\000M\000o\000d\000e\000l\000\040\000F\000u\000n\000c\000t\000i\000o\000n\000a\000l\000i\000t\000y}{section.26}% 29
\BOOKMARK [1][-]{section.41}{\376\377\000T\000r\000a\000i\000n\000i\000n\000g}{chapter.20}% 30
\BOOKMARK [2][-]{subsection.42}{\376\377\000I\000s\000s\000u\000e\000s}{section.41}% 31
\BOOKMARK [1][-]{section.43}{\376\377\000R\000e\000s\000u\000l\000t\000s}{chapter.20}% 32
\BOOKMARK [0][-]{chapter.44}{\376\377\000V\000o\000i\000c\000e\000\040\000P\000r\000o\000c\000e\000s\000s\000i\000n\000g}{}% 33
\BOOKMARK [1][-]{section.45}{\376\377\000M\000a\000i\000n\000\040\000S\000e\000c\000t\000i\000o\000n\000\040\0001}{chapter.44}% 34
\BOOKMARK [2][-]{subsection.46}{\376\377\000S\000u\000b\000s\000e\000c\000t\000i\000o\000n\000\040\0001}{section.45}% 35
\BOOKMARK [2][-]{subsection.47}{\376\377\000S\000u\000b\000s\000e\000c\000t\000i\000o\000n\000\040\0002}{section.45}% 36
\BOOKMARK [1][-]{section.48}{\376\377\000M\000a\000i\000n\000\040\000S\000e\000c\000t\000i\000o\000n\000\040\0002}{chapter.44}% 37
\BOOKMARK [0][-]{chapter.49}{\376\377\000C\000h\000a\000p\000t\000e\000r\000\040\000T\000i\000t\000l\000e\000\040\000H\000e\000r\000e}{}% 38
\BOOKMARK [1][-]{section.50}{\376\377\000W\000e\000l\000c\000o\000m\000e\000\040\000a\000n\000d\000\040\000T\000h\000a\000n\000k\000\040\000Y\000o\000u}{chapter.49}% 39
\BOOKMARK [1][-]{section.51}{\376\377\000L\000e\000a\000r\000n\000i\000n\000g\000\040\000L\000a\000T\000e\000X}{chapter.49}% 40
\BOOKMARK [2][-]{subsection.52}{\376\377\000A\000\040\000\050\000n\000o\000t\000\040\000s\000o\000\040\000s\000h\000o\000r\000t\000\051\000\040\000I\000n\000t\000r\000o\000d\000u\000c\000t\000i\000o\000n\000\040\000t\000o\000\040\000L\000a\000T\000e\000X}{section.51}% 41
\BOOKMARK [2][-]{subsection.53}{\376\377\000A\000\040\000S\000h\000o\000r\000t\000\040\000M\000a\000t\000h\000\040\000G\000u\000i\000d\000e\000\040\000f\000o\000r\000\040\000L\000a\000T\000e\000X}{section.51}% 42
\BOOKMARK [2][-]{subsection.54}{\376\377\000C\000o\000m\000m\000o\000n\000\040\000L\000a\000T\000e\000X\000\040\000M\000a\000t\000h\000\040\000S\000y\000m\000b\000o\000l\000s}{section.51}% 43
\BOOKMARK [2][-]{subsection.55}{\376\377\000L\000a\000T\000e\000X\000\040\000o\000n\000\040\000a\000\040\000M\000a\000c}{section.51}% 44
\BOOKMARK [1][-]{section.56}{\376\377\000G\000e\000t\000t\000i\000n\000g\000\040\000S\000t\000a\000r\000t\000e\000d\000\040\000w\000i\000t\000h\000\040\000t\000h\000i\000s\000\040\000T\000e\000m\000p\000l\000a\000t\000e}{chapter.49}% 45
\BOOKMARK [2][-]{subsection.57}{\376\377\000A\000b\000o\000u\000t\000\040\000t\000h\000i\000s\000\040\000T\000e\000m\000p\000l\000a\000t\000e}{section.56}% 46
\BOOKMARK [1][-]{section.58}{\376\377\000W\000h\000a\000t\000\040\000t\000h\000i\000s\000\040\000T\000e\000m\000p\000l\000a\000t\000e\000\040\000I\000n\000c\000l\000u\000d\000e\000s}{chapter.49}% 47
\BOOKMARK [2][-]{subsection.59}{\376\377\000F\000o\000l\000d\000e\000r\000s}{section.58}% 48
\BOOKMARK [2][-]{subsection.60}{\376\377\000F\000i\000l\000e\000s}{section.58}% 49
\BOOKMARK [1][-]{section.61}{\376\377\000F\000i\000l\000l\000i\000n\000g\000\040\000i\000n\000\040\000Y\000o\000u\000r\000\040\000I\000n\000f\000o\000r\000m\000a\000t\000i\000o\000n\000\040\000i\000n\000\040\000t\000h\000e\000\040\000m\000a\000i\000n\000.\000t\000e\000x\000\040\000F\000i\000l\000e}{chapter.49}% 50
\BOOKMARK [1][-]{section.62}{\376\377\000T\000h\000e\000\040\000m\000a\000i\000n\000.\000t\000e\000x\000\040\000F\000i\000l\000e\000\040\000E\000x\000p\000l\000a\000i\000n\000e\000d}{chapter.49}% 51
\BOOKMARK [1][-]{section.63}{\376\377\000T\000h\000e\000s\000i\000s\000\040\000F\000e\000a\000t\000u\000r\000e\000s\000\040\000a\000n\000d\000\040\000C\000o\000n\000v\000e\000n\000t\000i\000o\000n\000s}{chapter.49}% 52
\BOOKMARK [2][-]{subsection.64}{\376\377\000P\000r\000i\000n\000t\000i\000n\000g\000\040\000F\000o\000r\000m\000a\000t}{section.63}% 53
\BOOKMARK [2][-]{subsection.65}{\376\377\000U\000s\000i\000n\000g\000\040\000U\000S\000\040\000L\000e\000t\000t\000e\000r\000\040\000P\000a\000p\000e\000r}{section.63}% 54
\BOOKMARK [2][-]{subsection.66}{\376\377\000R\000e\000f\000e\000r\000e\000n\000c\000e\000s}{section.63}% 55
\BOOKMARK [3][-]{section*.68}{\376\377\000A\000\040\000N\000o\000t\000e\000\040\000o\000n\000\040\000b\000i\000b\000t\000e\000x}{subsection.66}% 56
\BOOKMARK [2][-]{subsection.69}{\376\377\000T\000a\000b\000l\000e\000s}{section.63}% 57
\BOOKMARK [2][-]{subsection.71}{\376\377\000F\000i\000g\000u\000r\000e\000s}{section.63}% 58
\BOOKMARK [2][-]{subsection.73}{\376\377\000T\000y\000p\000e\000s\000e\000t\000t\000i\000n\000g\000\040\000m\000a\000t\000h\000e\000m\000a\000t\000i\000c\000s}{section.63}% 59
\BOOKMARK [1][-]{section.75}{\376\377\000S\000e\000c\000t\000i\000o\000n\000i\000n\000g\000\040\000a\000n\000d\000\040\000S\000u\000b\000s\000e\000c\000t\000i\000o\000n\000i\000n\000g}{chapter.49}% 60
\BOOKMARK [1][-]{section.76}{\376\377\000I\000n\000\040\000C\000l\000o\000s\000i\000n\000g}{chapter.49}% 61
\BOOKMARK [0][-]{appendix.77}{\376\377\000F\000r\000e\000q\000u\000e\000n\000t\000l\000y\000\040\000A\000s\000k\000e\000d\000\040\000Q\000u\000e\000s\000t\000i\000o\000n\000s}{}% 62
\BOOKMARK [1][-]{section.78}{\376\377\000H\000o\000w\000\040\000d\000o\000\040\000I\000\040\000c\000h\000a\000n\000g\000e\000\040\000t\000h\000e\000\040\000c\000o\000l\000o\000r\000s\000\040\000o\000f\000\040\000l\000i\000n\000k\000s\000?}{appendix.77}% 63
